<?xml version="1.0" encoding="UTF-8"?>
<!-- Generated by org.testng.reporters.JUnitReportReporter -->
<testsuite hostname="aj-pc" failures="0" tests="1" name="Devopcasting_testcases.Devopcasting_Docker_Test" time="36.457" errors="0" timestamp="2022-11-17T19:54:41 IST" skipped="0">
  <testcase classname="Devopcasting_testcases.Devopcasting_Docker_Test" name="Opendocker" time="36.457"/>
  <system-out/>
</testsuite> <!-- Devopcasting_testcases.Devopcasting_Docker_Test -->
