<?xml version="1.0" encoding="UTF-8"?>
<!-- Generated by org.testng.reporters.JUnitReportReporter -->
<testsuite hostname="DESKTOP-9BN1Q89" failures="0" tests="1" name="Devopcasting_testcases.Devopcasting_baseclass" time="20.916" errors="0" timestamp="2022-11-16T05:11:28 PST" skipped="0">
  <testcase classname="Devopcasting_testcases.Devopcasting_baseclass" name="Lauchbrowser" time="20.916"/>
  <system-out/>
</testsuite> <!-- Devopcasting_testcases.Devopcasting_baseclass -->
