<?xml version="1.0" encoding="UTF-8"?>
<!-- Generated by org.testng.reporters.JUnitReportReporter -->
<testsuite hostname="DESKTOP-9BN1Q89" failures="0" tests="1" name="Devopcasting_testcases.Devopcasting_Docker_Test" time="257.767" errors="0" timestamp="2022-11-16T17:44:51 PST" skipped="0">
  <testcase classname="Devopcasting_testcases.Devopcasting_Docker_Test" name="Opendocker" time="257.767"/>
  <system-out/>
</testsuite> <!-- Devopcasting_testcases.Devopcasting_Docker_Test -->
